<?xml version="1.0" encoding="UTF-8"?>
<!-- Generated by org.testng.reporters.JUnitXMLReporter -->
<testsuite ignored="0" hostname="OM" failures="0" tests="8" name="TestCase" time="39.695" errors="0" timestamp="2024-08-05T11:52:32 IST">
  <testcase classname="com.test.FitpeoTest" name="NavigateToFitPeoPage" time="4.28"/>
  <testcase classname="com.test.FitpeoTest" name="navigateTotheRevenueCalculator" time="4.504"/>
  <testcase classname="com.test.FitpeoTest" name="scrollDownTotheSlider" time="0.046"/>
  <testcase classname="com.test.FitpeoTest" name="adjustSlider" time="3.771"/>
  <testcase classname="com.test.FitpeoTest" name="insertValue" time="6.504"/>
  <testcase classname="com.test.FitpeoTest" name="validateValue" time="0.035"/>
  <testcase classname="com.test.FitpeoTest" name="selectCPTCode" time="13.3"/>
  <testcase classname="com.test.FitpeoTest" name="totalRecurringReimbursement" time="3.051"/>
</testsuite> <!-- TestCase -->
