<?xml version="1.0" encoding="UTF-8"?>
<testsuite xmlns:xsi="http://www.w3.org/2001/XMLSchema-instance" xsi:noNamespaceSchemaLocation="https://maven.apache.org/surefire/maven-surefire-plugin/xsd/surefire-test-report-3.0.xsd" version="3.0" name="TestSuite" time="41.0" tests="8" errors="0" skipped="0" failures="0">
  <properties>
[...]
</properties>
  <testcase name="NavigateToFitPeoPage" classname="com.test.FitpeoTest" time="4.283">
    <system-err><![CDATA[SLF4J: Failed to load class "org.slf4j.impl.StaticLoggerBinder".
SLF4J: Defaulting to no-operation (NOP) logger implementation
SLF4J: See http://www.slf4j.org/codes.html#StaticLoggerBinder for further details.
Aug 05, 2024 11:51:55 AM org.openqa.selenium.devtools.CdpVersionFinder findNearestMatch
WARNING: Unable to find CDP implementation matching 127
Aug 05, 2024 11:51:55 AM org.openqa.selenium.chromium.ChromiumDriver lambda$new$5
WARNING: Unable to find version of CDP to use for 127.0.6533.89. You may need to include a dependency on a specific version of the CDP using something similar to `org.seleniumhq.selenium:selenium-devtools-v86:4.18.1` where the version ("v86") matches the version of the chromium-based browser you're using and the version number of the artifact is the same as Selenium's.
]]></system-err>
  </testcase>
  <testcase name="navigateTotheRevenueCalculator" classname="com.test.FitpeoTest" time="4.498"/>
  <testcase name="scrollDownTotheSlider" classname="com.test.FitpeoTest" time="0.047"/>
  <testcase name="adjustSlider" classname="com.test.FitpeoTest" time="3.771">
    <system-out><![CDATA[X: 803 Y: 654
X: 896 Y: 654
820
]]></system-out>
  </testcase>
  <testcase name="insertValue" classname="com.test.FitpeoTest" time="6.506">
    <system-out><![CDATA[820
]]></system-out>
  </testcase>
  <testcase name="validateValue" classname="com.test.FitpeoTest" time="0.035">
    <system-out><![CDATA[560
]]></system-out>
  </testcase>
  <testcase name="selectCPTCode" classname="com.test.FitpeoTest" time="13.3">
    <system-out><![CDATA[560
]]></system-out>
  </testcase>
  <testcase name="totalRecurringReimbursement" classname="com.test.FitpeoTest" time="3.051"/>
</testsuite>