<?xml version="1.0" encoding="UTF-8"?>
<!-- Generated by org.testng.reporters.JUnitXMLReporter -->
<testsuite ignored="0" hostname="OM" failures="0" tests="8" name="Command line test" time="45.318" errors="0" timestamp="2024-08-05T11:56:15 IST">
  <testcase classname="com.test.FitpeoTest" name="NavigateToFitPeoPage" time="11.611"/>
  <testcase classname="com.test.FitpeoTest" name="navigateTotheRevenueCalculator" time="3.602"/>
  <testcase classname="com.test.FitpeoTest" name="scrollDownTotheSlider" time="0.039"/>
  <testcase classname="com.test.FitpeoTest" name="adjustSlider" time="3.699"/>
  <testcase classname="com.test.FitpeoTest" name="insertValue" time="6.622"/>
  <testcase classname="com.test.FitpeoTest" name="validateValue" time="0.054"/>
  <testcase classname="com.test.FitpeoTest" name="selectCPTCode" time="13.104"/>
  <testcase classname="com.test.FitpeoTest" name="totalRecurringReimbursement" time="3.109"/>
</testsuite> <!-- Command line test -->
